Initialized libusb
4 Devices in list.
Opening device 045B:82A1...

Device properties:
        bus number: 1
         port path: 3 (from root hub)

Reading device descriptor:
            length: 18
      device class: 0
               S/N: 1
           VID:PID: 045B:82A1
         bcdDevice: 0100
   iMan:iProd:iSer: 2:3:1
          nb confs: 1

Reading first configuration descriptor:
     nb interfaces: 1

Claiming interface 0...
Claimed interface

Initialize NDEB

einf

dcnf 0
dcnf E2_RXRL.bit
E2_RXRL.bit Now loading.
E2_RXRL.bit Load end.
[do_dcnf_rx600] Returned TRUE

extpwr ena,3.3v

trans EML
[DO_TRANS] Lv EML
[DO_TRANS] Returned TRUE

mcu IF_TYPE 1
[init_ndeb] Returned 0x00000000
[init_ndeb] Returned FALSE
[init_ndeb] Returned TRUE

dbg use, nouse, trace, nouse, normal, 0, 0, 0, 0, debug, off, off, on, on, dump, non, ena
DBG parameter size = 00001944
[do_dbg_rx600] returned TRUE

wtr type0,WTRRX230.bin
[DO_WTR] type TYPE0
[DO_WTR] Open WTRRX230.bin to read
[DO_WTR] Returned TRUE

scibr 2000000
[DO_SCIBR] Returned TRUE

scictrl 0404
[DO_SCICTRL] SciCtrl 0x0404
[DO_SCICTRL] Returned TRUE

pmod sng, r_rome, little, 55736572, 426F6F74, FFFFFF07, 0008C04C
[do_pmod_rx600] p1 SNG
[do_pmod_rx600] p2 R_ROME
[do_pmod_rx600] p3 LITTLE
[do_pmod_rx600] p4 0x55736572
[do_pmod_rx600] p5 0x426F6F74
[do_pmod_rx600] p6 0xFFFFFF07
[do_pmod_rx600] p7 0x0008C04C
[do_pmod_rx600] Returned TRUE

hpon
[do_hpon_rx600] Plug 0
Hotplug Cold ON
[do_hpon_rx600] Returned TRUE

idcode FFFFFFFFFFFFFFFFFFFFFFFFFFFFFFFF
[0]0xFF [1]0xFF [2]0xFF [3]0xFF [4]0xFF [5]0xFF [6]0xFF [7]0xFF [8]0xFF [9]0xFF [10]0xFF [11]0xFF [12]0xFF [13]0xFF [14]0xFF [15]0xFF [16]0xFF [17]0xFF [18]0xFF [19]0xFF [20]0x0 [21]0x0 [22]0x0 [23]0x0 [24]0x28 [25]0x0 [26]0x0 [27]0x0 [28]0x0 [29]0x0 [30]0x0 [31]0x0 
[do_idcode_rx600] Returned TRUE

pmod sng,r_rome, little,55736572,426F6F74,FFFFFF07,0008C04C
[do_pmod_rx600] p1 SNG
[do_pmod_rx600] p2 R_ROME
[do_pmod_rx600] p3 LITTLE
[do_pmod_rx600] p4 0x55736572
[do_pmod_rx600] p5 0x426F6F74
[do_pmod_rx600] p6 0xFFFFFF07
[do_pmod_rx600] p7 0x0008C04C
[do_pmod_rx600] Returned TRUE

clr
[DO_CLR] Returned TRUE

write 00000000_0000ffff_inc_00.mot
Write from .MOT file
[load_mot_e20] read 1st line "S0030000FC
"
[load_mot_e20] Return TRUE, line 2003
[do_write_rx600] load_mot_e20 return 0x00000001, line 2144
[do_write_rx600] m_CsRecord.at(0).m_length 0 bytes
[do_write_rx600] m_CsRecord.at(1).m_length 65536 bytes
[do_write_rx600] Write 65536 bytes => [0x00000000:0x0000ffff]
[do_write_rx600] Returned TRUE

write 0,f,b,0,1,2,3,4,5,6,7,8,9,a,b,c,d,e,f
WRITE individually
[do_write_rx600] pa[0] 0x0
[do_write_rx600] pa[1] 0xF
[do_write_rx600] pa[2] B
[do_write_rx600] pa[3] 0x0
[do_write_rx600] pa[4] 0x1
[do_write_rx600] pa[5] 0x2
[do_write_rx600] pa[6] 0x3
[do_write_rx600] pa[7] 0x4
[do_write_rx600] pa[8] 0x5
[do_write_rx600] pa[9] 0x6
[do_write_rx600] pa[10] 0x7
[do_write_rx600] pa[11] 0x8
[do_write_rx600] pa[12] 0x9
[do_write_rx600] pa[13] 0xA
[do_write_rx600] pa[14] 0xB
[do_write_rx600] pa[15] 0xC
[do_write_rx600] pa[16] 0xD
[do_write_rx600] pa[17] 0xE
[do_write_rx600] pa[18] 0xF
[do_write_rx600] Returned TRUE

dump b, 0,ff
[do_dump_rx600] Saddr 0x00000000
[do_dump_rx600] Eaddr 0x000000ff
ADDRESS    +0 +1 +2 +3 +4 +5 +6 +7   +8 +9 +A +B +C +D +E +F   ASCII
00000000   00 01 02 03 04 05 06 07   08 09 0A 0B 0C 0D 0E 0F   ................
00000010   10 11 12 13 14 15 16 17   18 19 1A 1B 1C 1D 1E 1F   ................
00000020   20 21 22 23 24 25 26 27   28 29 2A 2B 2C 2D 2E 2F    !"#$%&'()*+,-./
00000030   30 31 32 33 34 35 36 37   38 39 3A 3B 3C 3D 3E 3F   0123456789:;<=>?
00000040   40 41 42 43 44 45 46 47   48 49 4A 4B 4C 4D 4E 4F   @ABCDEFGHIJKLMNO
00000050   50 51 52 53 54 55 56 57   58 59 5A 5B 5C 5D 5E 5F   PQRSTUVWXYZ[\]^_
00000060   60 61 62 63 64 65 66 67   68 69 6A 6B 6C 6D 6E 6F   `abcdefghijklmno
00000070   70 71 72 73 74 75 76 77   78 79 7A 7B 7C 7D 7E 7F   pqrstuvwxyz{|}~.
00000080   80 81 82 83 84 85 86 87   88 89 8A 8B 8C 8D 8E 8F   ................
00000090   90 91 92 93 94 95 96 97   98 99 9A 9B 9C 9D 9E 9F   ................
000000A0   A0 A1 A2 A3 A4 A5 A6 A7   A8 A9 AA AB AC AD AE AF   ................
000000B0   B0 B1 B2 B3 B4 B5 B6 B7   B8 B9 BA BB BC BD BE BF   ................
000000C0   C0 C1 C2 C3 C4 C5 C6 C7   C8 C9 CA CB CC CD CE CF   ................
000000D0   D0 D1 D2 D3 D4 D5 D6 D7   D8 D9 DA DB DC DD DE DF   ................
000000E0   E0 E1 E2 E3 E4 E5 E6 E7   E8 E9 EA EB EC ED EE EF   ................
000000F0   F0 F1 F2 F3 F4 F5 F6 F7   F8 F9 FA FB FC FD FE FF   ................
[do_dump_rx600] Returned TRUE

dump w,0,3f
[do_dump_rx600] Saddr 0x00000000
[do_dump_rx600] Eaddr 0x0000003f
ADDRESS    +1+0 +3+2 +5+4 +7+6   +9+8 +B+A +D+C +F+E   ASCII
00000000   0100 0302 0504 0706   0908 0B0A 0D0C 0F0E   ................
00000010   1110 1312 1514 1716   1918 1B1A 1D1C 1F1E   ................
00000020   2120 2322 2524 2726   2928 2B2A 2D2C 2F2E   ! #"%$'&)(+*-,/.
00000030   3130 3332 3534 3736   3938 3B3A 3D3C 3F3E   1032547698;:=<?>
[do_dump_rx600] Returned TRUE

dump l,0,3f
[do_dump_rx600] Saddr 0x00000000
[do_dump_rx600] Eaddr 0x0000003f
ADDRESS    +3+2+1+0 +7+6+5+4   +B+A+9+8 +F+E+D+C   ASCII
00000000   03020100 07060504   0B0A0908 0F0E0D0C   ................
00000010   13121110 17161514   1B1A1918 1F1E1D1C   ................
00000020   23222120 27262524   2B2A2928 2F2E2D2C   #"! '&%$+*)(/.-,
00000030   33323130 37363534   3B3A3938 3F3E3D3C   32107654;:98?>=<
[do_dump_rx600] Returned TRUE

Device detached
Released Interface
Close usb device
Exit libusb
